[ 2017-07-30T22:19:50+08:00 ] 127.0.0.1 /
INFO: [ app_init ] --START--
INFO: Run Behavior\BuildLiteBehavior [ RunTime:0.000016s ]
INFO: [ app_init ] --END-- [ RunTime:0.003422s ]
INFO: [ app_begin ] --START--
INFO: Run Behavior\ReadHtmlCacheBehavior [ RunTime:0.000853s ]
INFO: [ app_begin ] --END-- [ RunTime:0.000912s ]
NOTIC: [2048] Declaration of Home\Controller\CommonController::error() should be compatible with Think\Controller::error($message = '', $jumpUrl = '', $ajax = false) D:\lzy\code\TP-CMS\Application\Home\Controller\CommonController.class.php 第 30 行.
SQL: SHOW COLUMNS FROM `cms_news` [ RunTime:0.0405s ]
ERR: Think\Model:getRank方法不存在！

[ 2017-07-30T22:20:25+08:00 ] 127.0.0.1 /
INFO: [ app_init ] --START--
INFO: Run Behavior\BuildLiteBehavior [ RunTime:0.000019s ]
INFO: [ app_init ] --END-- [ RunTime:0.000565s ]
INFO: [ app_begin ] --START--
INFO: Run Behavior\ReadHtmlCacheBehavior [ RunTime:0.000737s ]
INFO: [ app_begin ] --END-- [ RunTime:0.000782s ]
NOTIC: [2048] Declaration of Home\Controller\CommonController::error() should be compatible with Think\Controller::error($message = '', $jumpUrl = '', $ajax = false) D:\lzy\code\TP-CMS\Application\Home\Controller\CommonController.class.php 第 30 行.
SQL: SHOW COLUMNS FROM `cms_news` [ RunTime:0.0144s ]
ERR: Think\Model:getRank方法不存在！

[ 2017-07-30T22:21:22+08:00 ] 127.0.0.1 /
INFO: [ app_init ] --START--
INFO: Run Behavior\BuildLiteBehavior [ RunTime:0.000014s ]
INFO: [ app_init ] --END-- [ RunTime:0.000521s ]
INFO: [ app_begin ] --START--
INFO: Run Behavior\ReadHtmlCacheBehavior [ RunTime:0.000717s ]
INFO: [ app_begin ] --END-- [ RunTime:0.000765s ]
NOTIC: [2048] Declaration of Home\Controller\CommonController::error() should be compatible with Think\Controller::error($message = '', $jumpUrl = '', $ajax = false) D:\lzy\code\TP-CMS\Application\Home\Controller\CommonController.class.php 第 30 行.
SQL: SHOW COLUMNS FROM `cms_news` [ RunTime:0.0147s ]
ERR: Think\Model:getRank方法不存在！

[ 2017-07-30T22:21:34+08:00 ] 127.0.0.1 /
INFO: [ app_init ] --START--
INFO: Run Behavior\BuildLiteBehavior [ RunTime:0.000019s ]
INFO: [ app_init ] --END-- [ RunTime:0.000620s ]
INFO: [ app_begin ] --START--
INFO: Run Behavior\ReadHtmlCacheBehavior [ RunTime:0.000630s ]
INFO: [ app_begin ] --END-- [ RunTime:0.000689s ]
NOTIC: [2048] Declaration of Home\Controller\CommonController::error() should be compatible with Think\Controller::error($message = '', $jumpUrl = '', $ajax = false) D:\lzy\code\TP-CMS\Application\Home\Controller\CommonController.class.php 第 30 行.
SQL: SHOW COLUMNS FROM `cms_news` [ RunTime:0.0129s ]
ERR: Think\Model:getRank方法不存在！

[ 2017-07-30T22:21:46+08:00 ] 127.0.0.1 /
INFO: [ app_init ] --START--
INFO: Run Behavior\BuildLiteBehavior [ RunTime:0.000014s ]
INFO: [ app_init ] --END-- [ RunTime:0.000367s ]
INFO: [ app_begin ] --START--
INFO: Run Behavior\ReadHtmlCacheBehavior [ RunTime:0.000514s ]
INFO: [ app_begin ] --END-- [ RunTime:0.000557s ]
NOTIC: [2048] Declaration of Home\Controller\CommonController::error() should be compatible with Think\Controller::error($message = '', $jumpUrl = '', $ajax = false) D:\lzy\code\TP-CMS\Application\Home\Controller\CommonController.class.php 第 30 行.
SQL: SHOW COLUMNS FROM `cms_news` [ RunTime:0.0158s ]
ERR: Think\Model:getRank方法不存在！

[ 2017-07-30T22:21:57+08:00 ] 127.0.0.1 /
INFO: [ app_init ] --START--
INFO: Run Behavior\BuildLiteBehavior [ RunTime:0.000013s ]
INFO: [ app_init ] --END-- [ RunTime:0.000382s ]
INFO: [ app_begin ] --START--
INFO: Run Behavior\ReadHtmlCacheBehavior [ RunTime:0.000541s ]
INFO: [ app_begin ] --END-- [ RunTime:0.000594s ]
NOTIC: [2048] Declaration of Home\Controller\CommonController::error() should be compatible with Think\Controller::error($message = '', $jumpUrl = '', $ajax = false) D:\lzy\code\TP-CMS\Application\Home\Controller\CommonController.class.php 第 30 行.
SQL: SHOW COLUMNS FROM `cms_news` [ RunTime:0.0133s ]
ERR: Think\Model:getRank方法不存在！

[ 2017-07-30T22:21:57+08:00 ] 127.0.0.1 /
INFO: [ app_init ] --START--
INFO: Run Behavior\BuildLiteBehavior [ RunTime:0.000013s ]
INFO: [ app_init ] --END-- [ RunTime:0.000352s ]
INFO: [ app_begin ] --START--
INFO: Run Behavior\ReadHtmlCacheBehavior [ RunTime:0.000508s ]
INFO: [ app_begin ] --END-- [ RunTime:0.000554s ]
NOTIC: [2048] Declaration of Home\Controller\CommonController::error() should be compatible with Think\Controller::error($message = '', $jumpUrl = '', $ajax = false) D:\lzy\code\TP-CMS\Application\Home\Controller\CommonController.class.php 第 30 行.
SQL: SHOW COLUMNS FROM `cms_news` [ RunTime:0.0090s ]
ERR: Think\Model:getRank方法不存在！

[ 2017-07-30T22:21:57+08:00 ] 127.0.0.1 /
INFO: [ app_init ] --START--
INFO: Run Behavior\BuildLiteBehavior [ RunTime:0.000015s ]
INFO: [ app_init ] --END-- [ RunTime:0.000426s ]
INFO: [ app_begin ] --START--
INFO: Run Behavior\ReadHtmlCacheBehavior [ RunTime:0.000600s ]
INFO: [ app_begin ] --END-- [ RunTime:0.000653s ]
NOTIC: [2048] Declaration of Home\Controller\CommonController::error() should be compatible with Think\Controller::error($message = '', $jumpUrl = '', $ajax = false) D:\lzy\code\TP-CMS\Application\Home\Controller\CommonController.class.php 第 30 行.
SQL: SHOW COLUMNS FROM `cms_news` [ RunTime:0.0098s ]
ERR: Think\Model:getRank方法不存在！

[ 2017-07-30T22:26:19+08:00 ] 127.0.0.1 /
INFO: [ app_init ] --START--
INFO: Run Behavior\BuildLiteBehavior [ RunTime:0.000014s ]
INFO: [ app_init ] --END-- [ RunTime:0.000481s ]
INFO: [ app_begin ] --START--
INFO: Run Behavior\ReadHtmlCacheBehavior [ RunTime:0.000737s ]
INFO: [ app_begin ] --END-- [ RunTime:0.000782s ]
NOTIC: [2048] Declaration of Home\Controller\CommonController::error() should be compatible with Think\Controller::error($message = '', $jumpUrl = '', $ajax = false) D:\lzy\code\TP-CMS\Application\Home\Controller\CommonController.class.php 第 30 行.
SQL: SHOW COLUMNS FROM `cms_news` [ RunTime:0.0157s ]
ERR: Think\Model:getRank方法不存在！

[ 2017-07-30T22:26:51+08:00 ] 127.0.0.1 /
INFO: [ app_init ] --START--
INFO: Run Behavior\BuildLiteBehavior [ RunTime:0.000013s ]
INFO: [ app_init ] --END-- [ RunTime:0.000396s ]
INFO: [ app_begin ] --START--
INFO: Run Behavior\ReadHtmlCacheBehavior [ RunTime:0.000495s ]
INFO: [ app_begin ] --END-- [ RunTime:0.000555s ]
NOTIC: [2048] Declaration of Home\Controller\CommonController::error() should be compatible with Think\Controller::error($message = '', $jumpUrl = '', $ajax = false) D:\lzy\code\TP-CMS\Application\Home\Controller\CommonController.class.php 第 30 行.
NOTIC: [2048] Declaration of Common\Model\NewsModel::find() should be compatible with Think\Model::find($options = Array) D:\lzy\code\TP-CMS\Application\Common\Model\NewsModel.class.php 第 7 行.
SQL: SHOW COLUMNS FROM `cms_news` [ RunTime:0.0152s ]
ERR: 1054:Unknown column 'new_id' in 'order clause'
 [ SQL语句 ] : SELECT * FROM `cms_news` WHERE `status` = 1 ORDER BY count desc,new_id desc LIMIT 10  
ERR: 1054:Unknown column 'new_id' in 'order clause'
 [ SQL语句 ] : SELECT * FROM `cms_news` WHERE `status` = 1 ORDER BY count desc,new_id desc LIMIT 10  

[ 2017-07-30T22:30:56+08:00 ] 127.0.0.1 /
INFO: [ app_init ] --START--
INFO: Run Behavior\BuildLiteBehavior [ RunTime:0.000013s ]
INFO: [ app_init ] --END-- [ RunTime:0.000432s ]
INFO: [ app_begin ] --START--
INFO: Run Behavior\ReadHtmlCacheBehavior [ RunTime:0.000865s ]
INFO: [ app_begin ] --END-- [ RunTime:0.000924s ]
NOTIC: [2048] Declaration of Home\Controller\CommonController::error() should be compatible with Think\Controller::error($message = '', $jumpUrl = '', $ajax = false) D:\lzy\code\TP-CMS\Application\Home\Controller\CommonController.class.php 第 30 行.
NOTIC: [2048] Declaration of Common\Model\NewsModel::find() should be compatible with Think\Model::find($options = Array) D:\lzy\code\TP-CMS\Application\Common\Model\NewsModel.class.php 第 7 行.
SQL: SHOW COLUMNS FROM `cms_news` [ RunTime:0.0140s ]
SQL: SELECT * FROM `cms_news` WHERE `status` = 1 ORDER BY count desc,news_id desc LIMIT 10   [ RunTime:0.0019s ]
NOTIC: [2048] Declaration of Common\Model\PositionContentModel::find() should be compatible with Think\Model::find($options = Array) D:\lzy\code\TP-CMS\Application\Common\Model\PositionContentModel.class.php 第 76 行.
ERR: 1146:Table 'tp_cms.cms_postition_content' doesn't exist
 [ SQL语句 ] : SHOW COLUMNS FROM `cms_postition_content`
ERR: 1146:Table 'tp_cms.cms_postition_content' doesn't exist
 [ SQL语句 ] : SHOW COLUMNS FROM `cms_postition_content`

[ 2017-07-30T22:32:25+08:00 ] 127.0.0.1 /
INFO: [ app_init ] --START--
INFO: Run Behavior\BuildLiteBehavior [ RunTime:0.000020s ]
INFO: [ app_init ] --END-- [ RunTime:0.000512s ]
INFO: [ app_begin ] --START--
INFO: Run Behavior\ReadHtmlCacheBehavior [ RunTime:0.000684s ]
INFO: [ app_begin ] --END-- [ RunTime:0.000753s ]
NOTIC: [2048] Declaration of Home\Controller\CommonController::error() should be compatible with Think\Controller::error($message = '', $jumpUrl = '', $ajax = false) D:\lzy\code\TP-CMS\Application\Home\Controller\CommonController.class.php 第 30 行.
NOTIC: [2048] Declaration of Common\Model\NewsModel::find() should be compatible with Think\Model::find($options = Array) D:\lzy\code\TP-CMS\Application\Common\Model\NewsModel.class.php 第 7 行.
SQL: SHOW COLUMNS FROM `cms_news` [ RunTime:0.0141s ]
SQL: SELECT * FROM `cms_news` WHERE `status` = 1 ORDER BY count desc,news_id desc LIMIT 10   [ RunTime:0.0004s ]
NOTIC: [2048] Declaration of Common\Model\PositionContentModel::find() should be compatible with Think\Model::find($options = Array) D:\lzy\code\TP-CMS\Application\Common\Model\PositionContentModel.class.php 第 76 行.
SQL: SHOW COLUMNS FROM `cms_position_content` [ RunTime:0.0142s ]
NOTIC: [8] Undefined index: title D:\lzy\code\TP-CMS\Application\Common\Model\PositionContentModel.class.php 第 17 行.
SQL: SELECT * FROM `cms_position_content` WHERE `status` = 1 AND `position_id` = 2 ORDER BY listorder desc,id desc LIMIT 1   [ RunTime:0.0018s ]
NOTIC: [8] Undefined index: title D:\lzy\code\TP-CMS\Application\Common\Model\PositionContentModel.class.php 第 17 行.
SQL: SELECT * FROM `cms_position_content` WHERE `status` = 1 AND `position_id` = 3 ORDER BY listorder desc,id desc LIMIT 3   [ RunTime:0.0004s ]
NOTIC: [8] Use of undefined constant limit - assumed 'limit' D:\lzy\code\TP-CMS\Application\Common\Model\NewsModel.class.php 第 18 行.
SQL: SELECT * FROM `cms_news` WHERE `status` = 1 AND `thumb` <> '' ORDER BY news_id desc  [ RunTime:0.0016s ]
NOTIC: [8] Undefined index: title D:\lzy\code\TP-CMS\Application\Common\Model\PositionContentModel.class.php 第 17 行.
SQL: SELECT * FROM `cms_position_content` WHERE `status` = 1 AND `position_id` = 5 ORDER BY listorder desc,id desc LIMIT 2   [ RunTime:0.0002s ]
NOTIC: [8] Undefined variable: advNews D:\lzy\code\TP-CMS\Application\Home\Controller\IndexController.class.php 第 32 行.
INFO: [ view_parse ] --START--
INFO: [ template_filter ] --START--
INFO: Run Behavior\ContentReplaceBehavior [ RunTime:0.002077s ]
INFO: [ template_filter ] --END-- [ RunTime:0.002138s ]
NOTIC: [2048] Declaration of Common\Model\BasicModel::save() should be compatible with Think\Model::save($data = '', $options = Array) D:\lzy\code\TP-CMS\Application\Common\Model\BasicModel.class.php 第 16 行.
NOTIC: [2048] Declaration of Common\Model\BasicModel::select() should be compatible with Think\Model::select($options = Array) D:\lzy\code\TP-CMS\Application\Common\Model\BasicModel.class.php 第 16 行.
ERR: 1146:Table 'tp_cms.cms_basic' doesn't exist
 [ SQL语句 ] : SHOW COLUMNS FROM `cms_basic`
ERR: 1146:Table 'tp_cms.cms_basic' doesn't exist
 [ SQL语句 ] : SHOW COLUMNS FROM `cms_basic`

