[ 2017-08-16T16:46:50+08:00 ] 127.0.0.1 /admin.php
INFO: [ app_init ] --START--
INFO: Run Behavior\BuildLiteBehavior [ RunTime:0.000000s ]
INFO: [ app_init ] --END-- [ RunTime:0.000000s ]
INFO: [ app_begin ] --START--
INFO: Run Behavior\ReadHtmlCacheBehavior [ RunTime:0.000000s ]
INFO: [ app_begin ] --END-- [ RunTime:0.000000s ]
NOTIC: [2048] Declaration of Common\Model\NewsModel::find() should be compatible with Think\Model::find($options = Array) F:\website\TP-CMS\Application\Common\Model\NewsModel.class.php 第 7 行.
SQL: SHOW COLUMNS FROM `cms_news` [ RunTime:0.0020s ]
SQL: SELECT * FROM `cms_news` WHERE `status` = 1 ORDER BY count desc LIMIT 1   [ RunTime:0.0000s ]
SQL: SELECT COUNT(*) AS tp_count FROM `cms_news` WHERE `status` <> -1 LIMIT 1   [ RunTime:0.0000s ]
NOTIC: [2048] Declaration of Common\Model\PositionModel::find() should be compatible with Think\Model::find($options = Array) F:\website\TP-CMS\Application\Common\Model\PositionModel.class.php 第 75 行.
SQL: SHOW COLUMNS FROM `cms_position` [ RunTime:0.0480s ]
SQL: SELECT COUNT(*) AS tp_count FROM `cms_position` WHERE `status` = 1 LIMIT 1   [ RunTime:0.0060s ]
SQL: SHOW COLUMNS FROM `cms_admin` [ RunTime:0.0310s ]
NOTIC: [8] Undefined variable: time F:\website\TP-CMS\Application\Common\Model\AdminModel.class.php 第 68 行.
SQL: SELECT COUNT(*) AS tp_count FROM `cms_admin` WHERE `status` = 1 AND `lastlogintime` > null LIMIT 1   [ RunTime:0.0000s ]
NOTIC: [2] Illegal string offset 'tp_count' F:\website\TP-CMS\Application\Common\Model\AdminModel.class.php 第 71 行.
INFO: [ view_parse ] --START--
INFO: [ template_filter ] --START--
INFO: Run Behavior\ContentReplaceBehavior [ RunTime:0.000000s ]
INFO: [ template_filter ] --END-- [ RunTime:0.000000s ]
NOTIC: [2048] Declaration of Common\Model\MenuModel::find() should be compatible with Think\Model::find($options = Array) F:\website\TP-CMS\Application\Common\Model\MenuModel.class.php 第 102 行.
SQL: SHOW COLUMNS FROM `cms_menu` [ RunTime:0.0050s ]
SQL: SELECT * FROM `cms_menu` WHERE `status` <> -1 AND `type` = 1 ORDER BY listorder desc,menu_id desc  [ RunTime:0.0000s ]
NOTIC: [8] Undefined index: a F:\website\TP-CMS\Application\Common\Common\function.php 第 47 行.
NOTIC: [8] Undefined index: a F:\website\TP-CMS\Application\Common\Common\function.php 第 47 行.
NOTIC: [8] Undefined index: a F:\website\TP-CMS\Application\Common\Common\function.php 第 47 行.
NOTIC: [8] Undefined index: a F:\website\TP-CMS\Application\Common\Common\function.php 第 47 行.
NOTIC: [8] Undefined index: a F:\website\TP-CMS\Application\Common\Common\function.php 第 47 行.
NOTIC: [8] Undefined index: a F:\website\TP-CMS\Application\Common\Common\function.php 第 47 行.
INFO: Run Behavior\ParseTemplateBehavior [ RunTime:0.080000s ]
INFO: [ view_parse ] --END-- [ RunTime:0.080000s ]
INFO: [ view_filter ] --START--
INFO: Run Behavior\WriteHtmlCacheBehavior [ RunTime:0.000000s ]
INFO: [ view_filter ] --END-- [ RunTime:0.000000s ]
INFO: [ app_end ] --START--
INFO: Run Behavior\ShowPageTraceBehavior [ RunTime:0.001000s ]
INFO: [ app_end ] --END-- [ RunTime:0.001000s ]

[ 2017-08-16T16:46:53+08:00 ] 127.0.0.1 /admin.php?c=admin
INFO: [ app_init ] --START--
INFO: Run Behavior\BuildLiteBehavior [ RunTime:0.000000s ]
INFO: [ app_init ] --END-- [ RunTime:0.001000s ]
INFO: [ app_begin ] --START--
INFO: Run Behavior\ReadHtmlCacheBehavior [ RunTime:0.001000s ]
INFO: [ app_begin ] --END-- [ RunTime:0.001000s ]
NOTIC: [2048] Declaration of Admin\Controller\AdminController::setStatus() should be compatible with Admin\Controller\CommonController::setStatus($data, $models) F:\website\TP-CMS\Application\Admin\Controller\AdminController.class.php 第 6 行.
SQL: SHOW COLUMNS FROM `cms_admin` [ RunTime:0.0030s ]
SQL: SELECT * FROM `cms_admin` WHERE `status` <> -1 ORDER BY admin_id desc  [ RunTime:0.0010s ]
INFO: [ view_parse ] --START--
INFO: [ template_filter ] --START--
INFO: Run Behavior\ContentReplaceBehavior [ RunTime:0.000000s ]
INFO: [ template_filter ] --END-- [ RunTime:0.000000s ]
NOTIC: [2048] Declaration of Common\Model\MenuModel::find() should be compatible with Think\Model::find($options = Array) F:\website\TP-CMS\Application\Common\Model\MenuModel.class.php 第 102 行.
SQL: SHOW COLUMNS FROM `cms_menu` [ RunTime:0.0030s ]
SQL: SELECT * FROM `cms_menu` WHERE `status` <> -1 AND `type` = 1 ORDER BY listorder desc,menu_id desc  [ RunTime:0.0000s ]
NOTIC: [8] Undefined index: a F:\website\TP-CMS\Application\Common\Common\function.php 第 47 行.
NOTIC: [8] Undefined index: a F:\website\TP-CMS\Application\Common\Common\function.php 第 47 行.
NOTIC: [8] Undefined index: a F:\website\TP-CMS\Application\Common\Common\function.php 第 47 行.
NOTIC: [8] Undefined index: a F:\website\TP-CMS\Application\Common\Common\function.php 第 47 行.
NOTIC: [8] Undefined index: a F:\website\TP-CMS\Application\Common\Common\function.php 第 47 行.
NOTIC: [8] Undefined index: a F:\website\TP-CMS\Application\Common\Common\function.php 第 47 行.
NOTIC: [8] Undefined variable: nav F:\website\TP-CMS\Application\Runtime\Cache\Admin\b682812e058c4f7cab74d08ab9eabe11.php 第 96 行.
INFO: Run Behavior\ParseTemplateBehavior [ RunTime:0.049000s ]
INFO: [ view_parse ] --END-- [ RunTime:0.049000s ]
INFO: [ view_filter ] --START--
INFO: Run Behavior\WriteHtmlCacheBehavior [ RunTime:0.000000s ]
INFO: [ view_filter ] --END-- [ RunTime:0.000000s ]
INFO: [ app_end ] --START--
INFO: Run Behavior\ShowPageTraceBehavior [ RunTime:0.001000s ]
INFO: [ app_end ] --END-- [ RunTime:0.001000s ]

[ 2017-08-16T16:46:54+08:00 ] 127.0.0.1 /admin.php?c=basic
INFO: [ app_init ] --START--
INFO: Run Behavior\BuildLiteBehavior [ RunTime:0.000000s ]
INFO: [ app_init ] --END-- [ RunTime:0.000000s ]
INFO: [ app_begin ] --START--
INFO: Run Behavior\ReadHtmlCacheBehavior [ RunTime:0.001000s ]
INFO: [ app_begin ] --END-- [ RunTime:0.001000s ]
INFO: [ view_parse ] --START--
INFO: [ template_filter ] --START--
INFO: Run Behavior\ContentReplaceBehavior [ RunTime:0.000000s ]
INFO: [ template_filter ] --END-- [ RunTime:0.000000s ]
NOTIC: [2048] Declaration of Common\Model\MenuModel::find() should be compatible with Think\Model::find($options = Array) F:\website\TP-CMS\Application\Common\Model\MenuModel.class.php 第 5 行.
SQL: SHOW COLUMNS FROM `cms_menu` [ RunTime:0.0020s ]
SQL: SELECT * FROM `cms_menu` WHERE `status` <> -1 AND `type` = 1 ORDER BY listorder desc,menu_id desc  [ RunTime:0.0000s ]
NOTIC: [8] Undefined index: a F:\website\TP-CMS\Application\Common\Common\function.php 第 47 行.
NOTIC: [8] Undefined index: a F:\website\TP-CMS\Application\Common\Common\function.php 第 47 行.
NOTIC: [8] Undefined index: a F:\website\TP-CMS\Application\Common\Common\function.php 第 47 行.
NOTIC: [8] Undefined index: a F:\website\TP-CMS\Application\Common\Common\function.php 第 47 行.
NOTIC: [8] Undefined index: a F:\website\TP-CMS\Application\Common\Common\function.php 第 47 行.
NOTIC: [8] Undefined index: a F:\website\TP-CMS\Application\Common\Common\function.php 第 47 行.
INFO: Run Behavior\ParseTemplateBehavior [ RunTime:0.038000s ]
INFO: [ view_parse ] --END-- [ RunTime:0.039000s ]
INFO: [ view_filter ] --START--
INFO: Run Behavior\WriteHtmlCacheBehavior [ RunTime:0.001000s ]
INFO: [ view_filter ] --END-- [ RunTime:0.001000s ]
INFO: [ app_end ] --START--
INFO: Run Behavior\ShowPageTraceBehavior [ RunTime:0.000000s ]
INFO: [ app_end ] --END-- [ RunTime:0.000000s ]

[ 2017-08-16T16:46:55+08:00 ] 127.0.0.1 /admin.php?c=positioncontent
INFO: [ app_init ] --START--
INFO: Run Behavior\BuildLiteBehavior [ RunTime:0.000000s ]
INFO: [ app_init ] --END-- [ RunTime:0.001000s ]
INFO: [ app_begin ] --START--
INFO: Run Behavior\ReadHtmlCacheBehavior [ RunTime:0.001000s ]
INFO: [ app_begin ] --END-- [ RunTime:0.001000s ]
NOTIC: [2048] Declaration of Admin\Controller\PositioncontentController::setStatus() should be compatible with Admin\Controller\CommonController::setStatus($data, $models) F:\website\TP-CMS\Application\Admin\Controller\PositioncontentController.class.php 第 6 行.
NOTIC: [2048] Declaration of Admin\Controller\PositioncontentController::listorder() should be compatible with Admin\Controller\CommonController::listorder($model = '') F:\website\TP-CMS\Application\Admin\Controller\PositioncontentController.class.php 第 6 行.
NOTIC: [2048] Declaration of Common\Model\PositionModel::find() should be compatible with Think\Model::find($options = Array) F:\website\TP-CMS\Application\Common\Model\PositionModel.class.php 第 10 行.
SQL: SHOW COLUMNS FROM `cms_position` [ RunTime:0.0020s ]
SQL: SELECT * FROM `cms_position` WHERE `status` = 1 ORDER BY id  [ RunTime:0.0000s ]
NOTIC: [8] Undefined index: title F:\website\TP-CMS\Application\Admin\Controller\PositioncontentController.class.php 第 11 行.
NOTIC: [8] Undefined index: position_id F:\website\TP-CMS\Application\Admin\Controller\PositioncontentController.class.php 第 16 行.
NOTIC: [2048] Declaration of Common\Model\PositionContentModel::find() should be compatible with Think\Model::find($options = Array) F:\website\TP-CMS\Application\Common\Model\PositionContentModel.class.php 第 76 行.
SQL: SHOW COLUMNS FROM `cms_position_content` [ RunTime:0.0020s ]
NOTIC: [8] Undefined index: title F:\website\TP-CMS\Application\Common\Model\PositionContentModel.class.php 第 17 行.
SQL: SELECT * FROM `cms_position_content` WHERE `status` <> -1 AND `position_id` = 2 ORDER BY listorder desc,id desc  [ RunTime:0.0010s ]
INFO: [ view_parse ] --START--
INFO: [ template_filter ] --START--
INFO: Run Behavior\ContentReplaceBehavior [ RunTime:0.000000s ]
INFO: [ template_filter ] --END-- [ RunTime:0.000000s ]
NOTIC: [2048] Declaration of Common\Model\MenuModel::find() should be compatible with Think\Model::find($options = Array) F:\website\TP-CMS\Application\Common\Model\MenuModel.class.php 第 102 行.
SQL: SHOW COLUMNS FROM `cms_menu` [ RunTime:0.0020s ]
SQL: SELECT * FROM `cms_menu` WHERE `status` <> -1 AND `type` = 1 ORDER BY listorder desc,menu_id desc  [ RunTime:0.0000s ]
NOTIC: [8] Undefined index: a F:\website\TP-CMS\Application\Common\Common\function.php 第 47 行.
NOTIC: [8] Undefined index: a F:\website\TP-CMS\Application\Common\Common\function.php 第 47 行.
NOTIC: [8] Undefined index: a F:\website\TP-CMS\Application\Common\Common\function.php 第 47 行.
NOTIC: [8] Undefined index: a F:\website\TP-CMS\Application\Common\Common\function.php 第 47 行.
NOTIC: [8] Undefined index: a F:\website\TP-CMS\Application\Common\Common\function.php 第 47 行.
NOTIC: [8] Undefined index: a F:\website\TP-CMS\Application\Common\Common\function.php 第 47 行.
NOTIC: [8] Undefined variable: title F:\website\TP-CMS\Application\Runtime\Cache\Admin\b8a8b9d170e6c07d7b463ea02385894d.php 第 115 行.
INFO: Run Behavior\ParseTemplateBehavior [ RunTime:0.032000s ]
INFO: [ view_parse ] --END-- [ RunTime:0.032000s ]
INFO: [ view_filter ] --START--
INFO: Run Behavior\WriteHtmlCacheBehavior [ RunTime:0.001000s ]
INFO: [ view_filter ] --END-- [ RunTime:0.001000s ]
INFO: [ app_end ] --START--
INFO: Run Behavior\ShowPageTraceBehavior [ RunTime:0.000000s ]
INFO: [ app_end ] --END-- [ RunTime:0.000000s ]

[ 2017-08-16T16:46:56+08:00 ] 127.0.0.1 /admin.php?c=position
INFO: [ app_init ] --START--
INFO: Run Behavior\BuildLiteBehavior [ RunTime:0.000000s ]
INFO: [ app_init ] --END-- [ RunTime:0.000000s ]
INFO: [ app_begin ] --START--
INFO: Run Behavior\ReadHtmlCacheBehavior [ RunTime:0.001000s ]
INFO: [ app_begin ] --END-- [ RunTime:0.001000s ]
NOTIC: [2048] Declaration of Admin\Controller\PositionController::setStatus() should be compatible with Admin\Controller\CommonController::setStatus($data, $models) F:\website\TP-CMS\Application\Admin\Controller\PositionController.class.php 第 5 行.
NOTIC: [2048] Declaration of Common\Model\PositionModel::find() should be compatible with Think\Model::find($options = Array) F:\website\TP-CMS\Application\Common\Model\PositionModel.class.php 第 10 行.
SQL: SHOW COLUMNS FROM `cms_position` [ RunTime:0.0020s ]
SQL: SELECT * FROM `cms_position` WHERE `status` <> -1 ORDER BY id  [ RunTime:0.0000s ]
INFO: [ view_parse ] --START--
INFO: [ template_filter ] --START--
INFO: Run Behavior\ContentReplaceBehavior [ RunTime:0.000000s ]
INFO: [ template_filter ] --END-- [ RunTime:0.000000s ]
NOTIC: [2048] Declaration of Common\Model\MenuModel::find() should be compatible with Think\Model::find($options = Array) F:\website\TP-CMS\Application\Common\Model\MenuModel.class.php 第 102 行.
SQL: SHOW COLUMNS FROM `cms_menu` [ RunTime:0.0040s ]
SQL: SELECT * FROM `cms_menu` WHERE `status` <> -1 AND `type` = 1 ORDER BY listorder desc,menu_id desc  [ RunTime:0.0010s ]
NOTIC: [8] Undefined index: a F:\website\TP-CMS\Application\Common\Common\function.php 第 47 行.
NOTIC: [8] Undefined index: a F:\website\TP-CMS\Application\Common\Common\function.php 第 47 行.
NOTIC: [8] Undefined index: a F:\website\TP-CMS\Application\Common\Common\function.php 第 47 行.
NOTIC: [8] Undefined index: a F:\website\TP-CMS\Application\Common\Common\function.php 第 47 行.
NOTIC: [8] Undefined index: a F:\website\TP-CMS\Application\Common\Common\function.php 第 47 行.
NOTIC: [8] Undefined index: a F:\website\TP-CMS\Application\Common\Common\function.php 第 47 行.
INFO: Run Behavior\ParseTemplateBehavior [ RunTime:0.046000s ]
INFO: [ view_parse ] --END-- [ RunTime:0.046000s ]
INFO: [ view_filter ] --START--
INFO: Run Behavior\WriteHtmlCacheBehavior [ RunTime:0.001000s ]
INFO: [ view_filter ] --END-- [ RunTime:0.001000s ]
INFO: [ app_end ] --START--
INFO: Run Behavior\ShowPageTraceBehavior [ RunTime:0.001000s ]
INFO: [ app_end ] --END-- [ RunTime:0.001000s ]

[ 2017-08-16T16:46:57+08:00 ] 127.0.0.1 /admin.php?c=content
INFO: [ app_init ] --START--
INFO: Run Behavior\BuildLiteBehavior [ RunTime:0.000000s ]
INFO: [ app_init ] --END-- [ RunTime:0.001000s ]
INFO: [ app_begin ] --START--
INFO: Run Behavior\ReadHtmlCacheBehavior [ RunTime:0.001000s ]
INFO: [ app_begin ] --END-- [ RunTime:0.001000s ]

[ 2017-08-16T16:48:10+08:00 ] 127.0.0.1 /admin.php?c=content
INFO: [ app_init ] --START--
INFO: Run Behavior\BuildLiteBehavior [ RunTime:0.000000s ]
INFO: [ app_init ] --END-- [ RunTime:0.000000s ]
INFO: [ app_begin ] --START--
INFO: Run Behavior\ReadHtmlCacheBehavior [ RunTime:0.000000s ]
INFO: [ app_begin ] --END-- [ RunTime:0.000000s ]
NOTIC: [2048] Declaration of Admin\Controller\ContentController::setStatus() should be compatible with Admin\Controller\CommonController::setStatus($data, $models) F:\website\TP-CMS\Application\Admin\Controller\ContentController.class.php 第 9 行.
NOTIC: [2048] Declaration of Admin\Controller\ContentController::listorder() should be compatible with Admin\Controller\CommonController::listorder($model = '') F:\website\TP-CMS\Application\Admin\Controller\ContentController.class.php 第 9 行.
NOTIC: [8] Undefined variable: _get F:\website\TP-CMS\Application\Admin\Controller\ContentController.class.php 第 13 行.
NOTIC: [8] Undefined index: catid F:\website\TP-CMS\Application\Admin\Controller\ContentController.class.php 第 17 行.
NOTIC: [8] Undefined index: P F:\website\TP-CMS\Application\Admin\Controller\ContentController.class.php 第 20 行.
NOTIC: [2048] Declaration of Common\Model\NewsModel::find() should be compatible with Think\Model::find($options = Array) F:\website\TP-CMS\Application\Common\Model\NewsModel.class.php 第 7 行.
SQL: SHOW COLUMNS FROM `cms_news` [ RunTime:0.0020s ]
SQL: SELECT * FROM `cms_news` WHERE `status` <> -1 ORDER BY listorder desc,news_id desc LIMIT 0,10   [ RunTime:0.0000s ]
SQL: SELECT COUNT(*) AS tp_count FROM `cms_news` WHERE `status` <> -1 LIMIT 1   [ RunTime:0.0000s ]
NOTIC: [2048] Declaration of Common\Model\PositionModel::find() should be compatible with Think\Model::find($options = Array) F:\website\TP-CMS\Application\Common\Model\PositionModel.class.php 第 75 行.
SQL: SHOW COLUMNS FROM `cms_position` [ RunTime:0.0020s ]
SQL: SELECT * FROM `cms_position` WHERE `status` = 1 ORDER BY id  [ RunTime:0.0000s ]
NOTIC: [2048] Declaration of Common\Model\MenuModel::find() should be compatible with Think\Model::find($options = Array) F:\website\TP-CMS\Application\Common\Model\MenuModel.class.php 第 102 行.
SQL: SHOW COLUMNS FROM `cms_menu` [ RunTime:0.0020s ]
SQL: SELECT * FROM `cms_menu` WHERE `status` = 1 AND `type` = 0 ORDER BY listorder desc,menu_id desc  [ RunTime:0.0000s ]
INFO: [ view_parse ] --START--
INFO: [ template_filter ] --START--
INFO: Run Behavior\ContentReplaceBehavior [ RunTime:0.000000s ]
INFO: [ template_filter ] --END-- [ RunTime:0.000000s ]
SQL: SELECT * FROM `cms_menu` WHERE `status` <> -1 AND `type` = 1 ORDER BY listorder desc,menu_id desc  [ RunTime:0.0000s ]
NOTIC: [8] Undefined index: a F:\website\TP-CMS\Application\Common\Common\function.php 第 47 行.
NOTIC: [8] Undefined index: a F:\website\TP-CMS\Application\Common\Common\function.php 第 47 行.
NOTIC: [8] Undefined index: a F:\website\TP-CMS\Application\Common\Common\function.php 第 47 行.
NOTIC: [8] Undefined index: a F:\website\TP-CMS\Application\Common\Common\function.php 第 47 行.
NOTIC: [8] Undefined index: a F:\website\TP-CMS\Application\Common\Common\function.php 第 47 行.
NOTIC: [8] Undefined index: a F:\website\TP-CMS\Application\Common\Common\function.php 第 47 行.
INFO: Run Behavior\ParseTemplateBehavior [ RunTime:0.032000s ]
INFO: [ view_parse ] --END-- [ RunTime:0.032000s ]
INFO: [ view_filter ] --START--
INFO: Run Behavior\WriteHtmlCacheBehavior [ RunTime:0.000000s ]
INFO: [ view_filter ] --END-- [ RunTime:0.001000s ]
INFO: [ app_end ] --START--
INFO: Run Behavior\ShowPageTraceBehavior [ RunTime:0.000000s ]
INFO: [ app_end ] --END-- [ RunTime:0.000000s ]

[ 2017-08-16T16:48:25+08:00 ] 127.0.0.1 /admin.php?c=menu
INFO: [ app_init ] --START--
INFO: Run Behavior\BuildLiteBehavior [ RunTime:0.000000s ]
INFO: [ app_init ] --END-- [ RunTime:0.001000s ]
INFO: [ app_begin ] --START--
INFO: Run Behavior\ReadHtmlCacheBehavior [ RunTime:0.001000s ]
INFO: [ app_begin ] --END-- [ RunTime:0.001000s ]
NOTIC: [2048] Declaration of Admin\Controller\MenuController::setStatus() should be compatible with Admin\Controller\CommonController::setStatus($data, $models) F:\website\TP-CMS\Application\Admin\Controller\MenuController.class.php 第 5 行.
NOTIC: [2048] Declaration of Admin\Controller\MenuController::listorder() should be compatible with Admin\Controller\CommonController::listorder($model = '') F:\website\TP-CMS\Application\Admin\Controller\MenuController.class.php 第 5 行.
NOTIC: [8] Undefined index: p F:\website\TP-CMS\Application\Admin\Controller\MenuController.class.php 第 15 行.
NOTIC: [8] Undefined index: pageSize F:\website\TP-CMS\Application\Admin\Controller\MenuController.class.php 第 16 行.
NOTIC: [2048] Declaration of Common\Model\MenuModel::find() should be compatible with Think\Model::find($options = Array) F:\website\TP-CMS\Application\Common\Model\MenuModel.class.php 第 5 行.
SQL: SHOW COLUMNS FROM `cms_menu` [ RunTime:0.0020s ]
SQL: SELECT * FROM `cms_menu` WHERE `status` <> -1 ORDER BY listorder desc,menu_id desc LIMIT 0,3   [ RunTime:0.0010s ]
SQL: SELECT COUNT(*) AS tp_count FROM `cms_menu` WHERE `status` <> -1 LIMIT 1   [ RunTime:0.0000s ]
INFO: [ view_parse ] --START--
INFO: [ template_filter ] --START--
INFO: Run Behavior\ContentReplaceBehavior [ RunTime:0.000000s ]
INFO: [ template_filter ] --END-- [ RunTime:0.001000s ]
SQL: SELECT * FROM `cms_menu` WHERE `status` <> -1 AND `type` = 1 ORDER BY listorder desc,menu_id desc  [ RunTime:0.0000s ]
NOTIC: [8] Undefined index: a F:\website\TP-CMS\Application\Common\Common\function.php 第 47 行.
NOTIC: [8] Undefined index: a F:\website\TP-CMS\Application\Common\Common\function.php 第 47 行.
NOTIC: [8] Undefined index: a F:\website\TP-CMS\Application\Common\Common\function.php 第 47 行.
NOTIC: [8] Undefined index: a F:\website\TP-CMS\Application\Common\Common\function.php 第 47 行.
NOTIC: [8] Undefined index: a F:\website\TP-CMS\Application\Common\Common\function.php 第 47 行.
NOTIC: [8] Undefined index: a F:\website\TP-CMS\Application\Common\Common\function.php 第 47 行.
NOTIC: [8] Undefined variable: nav F:\website\TP-CMS\Application\Runtime\Cache\Admin\b956215329b6f9aca22277599a4efdfc.php 第 96 行.
INFO: Run Behavior\ParseTemplateBehavior [ RunTime:0.046000s ]
INFO: [ view_parse ] --END-- [ RunTime:0.046000s ]
INFO: [ view_filter ] --START--
INFO: Run Behavior\WriteHtmlCacheBehavior [ RunTime:0.000000s ]
INFO: [ view_filter ] --END-- [ RunTime:0.000000s ]
INFO: [ app_end ] --START--
INFO: Run Behavior\ShowPageTraceBehavior [ RunTime:0.001000s ]
INFO: [ app_end ] --END-- [ RunTime:0.001000s ]

