[ 2017-07-20T22:27:29+08:00 ] 127.0.0.1 /admin.php
INFO: [ app_init ] --START--
INFO: Run Behavior\BuildLiteBehavior [ RunTime:0.000014s ]
INFO: [ app_init ] --END-- [ RunTime:0.000476s ]
INFO: [ app_begin ] --START--
INFO: Run Behavior\ReadHtmlCacheBehavior [ RunTime:0.000806s ]
INFO: [ app_begin ] --END-- [ RunTime:0.000861s ]
NOTIC: [8] Undefined variable: module D:\lzy\code\TP-CMS\ThinkPHP\Common\functions.php 第 990 行.
NOTIC: [8] Undefined variable: var D:\lzy\code\TP-CMS\ThinkPHP\Common\functions.php 第 990 行.
NOTIC: [2] array_reverse() expects parameter 1 to be array, null given D:\lzy\code\TP-CMS\ThinkPHP\Common\functions.php 第 990 行.
NOTIC: [2] http_build_query(): Parameter 1 expected to be Array or Object.  Incorrect value given D:\lzy\code\TP-CMS\ThinkPHP\Common\functions.php 第 990 行.

[ 2017-07-20T22:27:29+08:00 ] 127.0.0.1 /admin.php?m=&&c=login
INFO: [ app_init ] --START--
INFO: Run Behavior\BuildLiteBehavior [ RunTime:0.000013s ]
INFO: [ app_init ] --END-- [ RunTime:0.000331s ]
INFO: [ app_begin ] --START--
INFO: Run Behavior\ReadHtmlCacheBehavior [ RunTime:0.000519s ]
INFO: [ app_begin ] --END-- [ RunTime:0.000563s ]
INFO: [ view_parse ] --START--
INFO: [ template_filter ] --START--
INFO: Run Behavior\ContentReplaceBehavior [ RunTime:0.000052s ]
INFO: [ template_filter ] --END-- [ RunTime:0.000142s ]
INFO: Run Behavior\ParseTemplateBehavior [ RunTime:0.007504s ]
INFO: [ view_parse ] --END-- [ RunTime:0.007557s ]
INFO: [ view_filter ] --START--
INFO: Run Behavior\WriteHtmlCacheBehavior [ RunTime:0.000352s ]
INFO: [ view_filter ] --END-- [ RunTime:0.000384s ]
INFO: [ app_end ] --START--
INFO: Run Behavior\ShowPageTraceBehavior [ RunTime:0.000648s ]
INFO: [ app_end ] --END-- [ RunTime:0.000682s ]

[ 2017-07-20T22:38:03+08:00 ] 127.0.0.1 /admin.php?m=&&c=login
INFO: [ app_init ] --START--
INFO: Run Behavior\BuildLiteBehavior [ RunTime:0.000016s ]
INFO: [ app_init ] --END-- [ RunTime:0.000579s ]
INFO: [ app_begin ] --START--
INFO: Run Behavior\ReadHtmlCacheBehavior [ RunTime:0.000800s ]
INFO: [ app_begin ] --END-- [ RunTime:0.000851s ]
INFO: [ view_parse ] --START--
INFO: [ template_filter ] --START--
INFO: Run Behavior\ContentReplaceBehavior [ RunTime:0.000058s ]
INFO: [ template_filter ] --END-- [ RunTime:0.000167s ]
INFO: Run Behavior\ParseTemplateBehavior [ RunTime:0.009218s ]
INFO: [ view_parse ] --END-- [ RunTime:0.009285s ]
INFO: [ view_filter ] --START--
INFO: Run Behavior\WriteHtmlCacheBehavior [ RunTime:0.000656s ]
INFO: [ view_filter ] --END-- [ RunTime:0.000708s ]
INFO: [ app_end ] --START--
INFO: Run Behavior\ShowPageTraceBehavior [ RunTime:0.000739s ]
INFO: [ app_end ] --END-- [ RunTime:0.000782s ]

[ 2017-07-20T22:38:09+08:00 ] 127.0.0.1 /index.php?m=admin&c=login&a=check
INFO: [ app_init ] --START--
INFO: Run Behavior\BuildLiteBehavior [ RunTime:0.000013s ]
INFO: [ app_init ] --END-- [ RunTime:0.000439s ]
INFO: [ app_begin ] --START--
INFO: Run Behavior\ReadHtmlCacheBehavior [ RunTime:0.000687s ]
INFO: [ app_begin ] --END-- [ RunTime:0.000727s ]
SQL: SHOW COLUMNS FROM `cms_admin` [ RunTime:0.0056s ]
ERR: 1054:Unknown column 'user_name' in 'where clause'
 [ SQL语句 ] : SELECT * FROM `cms_admin` WHERE ( user_name='admin' ) LIMIT 1  
ERR: 1054:Unknown column 'user_name' in 'where clause'
 [ SQL语句 ] : SELECT * FROM `cms_admin` WHERE ( user_name='admin' ) LIMIT 1  

[ 2017-07-20T22:38:28+08:00 ] 127.0.0.1 /index.php?m=admin&c=login&a=check
INFO: [ app_init ] --START--
INFO: Run Behavior\BuildLiteBehavior [ RunTime:0.000015s ]
INFO: [ app_init ] --END-- [ RunTime:0.000353s ]
INFO: [ app_begin ] --START--
INFO: Run Behavior\ReadHtmlCacheBehavior [ RunTime:0.000793s ]
INFO: [ app_begin ] --END-- [ RunTime:0.000852s ]
NOTIC: [8] Undefined index: username D:\lzy\code\TP-CMS\Application\Admin\Controller\LoginController.class.php 第 17 行.
NOTIC: [8] Undefined index: password D:\lzy\code\TP-CMS\Application\Admin\Controller\LoginController.class.php 第 18 行.
NOTIC: [2] Missing argument 3 for jsonResult(), called in D:\lzy\code\TP-CMS\Application\Admin\Controller\LoginController.class.php on line 20 and defined D:\lzy\code\TP-CMS\Application\Common\Common\function.php 第 6 行.
NOTIC: [8] Undefined variable: data D:\lzy\code\TP-CMS\Application\Common\Common\function.php 第 11 行.

[ 2017-07-20T22:38:52+08:00 ] 127.0.0.1 /admin.php?m=&&c=login
INFO: [ app_init ] --START--
INFO: Run Behavior\BuildLiteBehavior [ RunTime:0.000014s ]
INFO: [ app_init ] --END-- [ RunTime:0.000364s ]
INFO: [ app_begin ] --START--
INFO: Run Behavior\ReadHtmlCacheBehavior [ RunTime:0.000556s ]
INFO: [ app_begin ] --END-- [ RunTime:0.000610s ]
INFO: [ view_parse ] --START--
INFO: [ template_filter ] --START--
INFO: Run Behavior\ContentReplaceBehavior [ RunTime:0.000041s ]
INFO: [ template_filter ] --END-- [ RunTime:0.000097s ]
INFO: Run Behavior\ParseTemplateBehavior [ RunTime:0.008451s ]
INFO: [ view_parse ] --END-- [ RunTime:0.008508s ]
INFO: [ view_filter ] --START--
INFO: Run Behavior\WriteHtmlCacheBehavior [ RunTime:0.000274s ]
INFO: [ view_filter ] --END-- [ RunTime:0.000311s ]
INFO: [ app_end ] --START--
INFO: Run Behavior\ShowPageTraceBehavior [ RunTime:0.000690s ]
INFO: [ app_end ] --END-- [ RunTime:0.000746s ]

[ 2017-07-20T22:38:58+08:00 ] 127.0.0.1 /index.php?m=admin&c=login&a=check
INFO: [ app_init ] --START--
INFO: Run Behavior\BuildLiteBehavior [ RunTime:0.000034s ]
INFO: [ app_init ] --END-- [ RunTime:0.000716s ]
INFO: [ app_begin ] --START--
INFO: Run Behavior\ReadHtmlCacheBehavior [ RunTime:0.000758s ]
INFO: [ app_begin ] --END-- [ RunTime:0.000833s ]
SQL: SHOW COLUMNS FROM `cms_admin` [ RunTime:0.0317s ]
ERR: 1054:Unknown column 'user_name' in 'where clause'
 [ SQL语句 ] : SELECT * FROM `cms_admin` WHERE ( user_name='admin' ) LIMIT 1  
ERR: 1054:Unknown column 'user_name' in 'where clause'
 [ SQL语句 ] : SELECT * FROM `cms_admin` WHERE ( user_name='admin' ) LIMIT 1  

[ 2017-07-20T22:39:44+08:00 ] 127.0.0.1 /admin.php?m=&&c=login
INFO: [ app_init ] --START--
INFO: Run Behavior\BuildLiteBehavior [ RunTime:0.000021s ]
INFO: [ app_init ] --END-- [ RunTime:0.000575s ]
INFO: [ app_begin ] --START--
INFO: Run Behavior\ReadHtmlCacheBehavior [ RunTime:0.000818s ]
INFO: [ app_begin ] --END-- [ RunTime:0.000904s ]
INFO: [ view_parse ] --START--
INFO: [ template_filter ] --START--
INFO: Run Behavior\ContentReplaceBehavior [ RunTime:0.000221s ]
INFO: [ template_filter ] --END-- [ RunTime:0.000580s ]
INFO: Run Behavior\ParseTemplateBehavior [ RunTime:0.011281s ]
INFO: [ view_parse ] --END-- [ RunTime:0.011361s ]
INFO: [ view_filter ] --START--
INFO: Run Behavior\WriteHtmlCacheBehavior [ RunTime:0.001558s ]
INFO: [ view_filter ] --END-- [ RunTime:0.002328s ]
INFO: [ app_end ] --START--
INFO: Run Behavior\ShowPageTraceBehavior [ RunTime:0.001279s ]
INFO: [ app_end ] --END-- [ RunTime:0.001563s ]

[ 2017-07-20T22:39:49+08:00 ] 127.0.0.1 /index.php?m=admin&c=login&a=check
INFO: [ app_init ] --START--
INFO: Run Behavior\BuildLiteBehavior [ RunTime:0.000023s ]
INFO: [ app_init ] --END-- [ RunTime:0.000588s ]
INFO: [ app_begin ] --START--
INFO: Run Behavior\ReadHtmlCacheBehavior [ RunTime:0.000762s ]
INFO: [ app_begin ] --END-- [ RunTime:0.000833s ]
SQL: SHOW COLUMNS FROM `cms_admin` [ RunTime:0.0070s ]
SQL: SELECT * FROM `cms_admin` WHERE ( username='admin' ) LIMIT 1   [ RunTime:0.0004s ]
NOTIC: [8] Use of undefined constant ret - assumed 'ret' D:\lzy\code\TP-CMS\Application\Admin\Controller\LoginController.class.php 第 27 行.
NOTIC: [2] Missing argument 3 for jsonResult(), called in D:\lzy\code\TP-CMS\Application\Admin\Controller\LoginController.class.php on line 32 and defined D:\lzy\code\TP-CMS\Application\Common\Common\function.php 第 6 行.
NOTIC: [8] Undefined variable: data D:\lzy\code\TP-CMS\Application\Common\Common\function.php 第 11 行.

[ 2017-07-20T22:39:55+08:00 ] 127.0.0.1 /index.php?m=admin&c=login&a=check
INFO: [ app_init ] --START--
INFO: Run Behavior\BuildLiteBehavior [ RunTime:0.000050s ]
INFO: [ app_init ] --END-- [ RunTime:0.000820s ]
INFO: [ app_begin ] --START--
INFO: Run Behavior\ReadHtmlCacheBehavior [ RunTime:0.000598s ]
INFO: [ app_begin ] --END-- [ RunTime:0.000654s ]
SQL: SHOW COLUMNS FROM `cms_admin` [ RunTime:0.0089s ]
SQL: SELECT * FROM `cms_admin` WHERE ( username='admin' ) LIMIT 1   [ RunTime:0.0004s ]
NOTIC: [8] Use of undefined constant ret - assumed 'ret' D:\lzy\code\TP-CMS\Application\Admin\Controller\LoginController.class.php 第 27 行.
NOTIC: [2] Missing argument 3 for jsonResult(), called in D:\lzy\code\TP-CMS\Application\Admin\Controller\LoginController.class.php on line 32 and defined D:\lzy\code\TP-CMS\Application\Common\Common\function.php 第 6 行.
NOTIC: [8] Undefined variable: data D:\lzy\code\TP-CMS\Application\Common\Common\function.php 第 11 行.

[ 2017-07-20T23:10:07+08:00 ] 127.0.0.1 /index.php?m=admin&c=login&a=check
INFO: [ app_init ] --START--
INFO: Run Behavior\BuildLiteBehavior [ RunTime:0.000020s ]
INFO: [ app_init ] --END-- [ RunTime:0.000652s ]
INFO: [ app_begin ] --START--
INFO: Run Behavior\ReadHtmlCacheBehavior [ RunTime:0.001045s ]
INFO: [ app_begin ] --END-- [ RunTime:0.001120s ]
SQL: SHOW COLUMNS FROM `cms_admin` [ RunTime:0.0070s ]
SQL: SELECT * FROM `cms_admin` WHERE ( username='admin' ) LIMIT 1   [ RunTime:0.0004s ]
NOTIC: [8] Use of undefined constant ret - assumed 'ret' D:\lzy\code\TP-CMS\Application\Admin\Controller\LoginController.class.php 第 27 行.
NOTIC: [2] Missing argument 3 for jsonResult(), called in D:\lzy\code\TP-CMS\Application\Admin\Controller\LoginController.class.php on line 32 and defined D:\lzy\code\TP-CMS\Application\Common\Common\function.php 第 6 行.
NOTIC: [8] Undefined variable: data D:\lzy\code\TP-CMS\Application\Common\Common\function.php 第 11 行.

[ 2017-07-20T23:13:31+08:00 ] 127.0.0.1 /admin.php?a=resetAdminPwd
INFO: [ app_init ] --START--
INFO: Run Behavior\BuildLiteBehavior [ RunTime:0.000017s ]
INFO: [ app_init ] --END-- [ RunTime:0.000570s ]
INFO: [ app_begin ] --START--
INFO: Run Behavior\ReadHtmlCacheBehavior [ RunTime:0.001114s ]
INFO: [ app_begin ] --END-- [ RunTime:0.001225s ]
NOTIC: [8] Undefined variable: module D:\lzy\code\TP-CMS\ThinkPHP\Common\functions.php 第 990 行.
NOTIC: [8] Undefined variable: var D:\lzy\code\TP-CMS\ThinkPHP\Common\functions.php 第 990 行.
NOTIC: [2] array_reverse() expects parameter 1 to be array, null given D:\lzy\code\TP-CMS\ThinkPHP\Common\functions.php 第 990 行.
NOTIC: [2] http_build_query(): Parameter 1 expected to be Array or Object.  Incorrect value given D:\lzy\code\TP-CMS\ThinkPHP\Common\functions.php 第 990 行.

[ 2017-07-20T23:13:31+08:00 ] 127.0.0.1 /admin.php?m=&&c=login
INFO: [ app_init ] --START--
INFO: Run Behavior\BuildLiteBehavior [ RunTime:0.000015s ]
INFO: [ app_init ] --END-- [ RunTime:0.000392s ]
INFO: [ app_begin ] --START--
INFO: Run Behavior\ReadHtmlCacheBehavior [ RunTime:0.000758s ]
INFO: [ app_begin ] --END-- [ RunTime:0.000838s ]
INFO: [ view_parse ] --START--
INFO: [ template_filter ] --START--
INFO: Run Behavior\ContentReplaceBehavior [ RunTime:0.000036s ]
INFO: [ template_filter ] --END-- [ RunTime:0.000096s ]
INFO: Run Behavior\ParseTemplateBehavior [ RunTime:0.007039s ]
INFO: [ view_parse ] --END-- [ RunTime:0.007119s ]
INFO: [ view_filter ] --START--
INFO: Run Behavior\WriteHtmlCacheBehavior [ RunTime:0.000448s ]
INFO: [ view_filter ] --END-- [ RunTime:0.000503s ]
INFO: [ app_end ] --START--
INFO: Run Behavior\ShowPageTraceBehavior [ RunTime:0.000772s ]
INFO: [ app_end ] --END-- [ RunTime:0.000814s ]

[ 2017-07-20T23:14:25+08:00 ] 127.0.0.1 /admin.php?a=resetAdminPwd&&c=login
INFO: [ app_init ] --START--
INFO: Run Behavior\BuildLiteBehavior [ RunTime:0.000020s ]
INFO: [ app_init ] --END-- [ RunTime:0.000660s ]
INFO: [ app_begin ] --START--
INFO: Run Behavior\ReadHtmlCacheBehavior [ RunTime:0.001255s ]
INFO: [ app_begin ] --END-- [ RunTime:0.001385s ]
SQL: SHOW COLUMNS FROM `cms_admin` [ RunTime:0.0086s ]

[ 2017-07-20T23:15:37+08:00 ] 127.0.0.1 /admin.php?a=resetAdminPwd&&c=login
INFO: [ app_init ] --START--
INFO: Run Behavior\BuildLiteBehavior [ RunTime:0.000020s ]
INFO: [ app_init ] --END-- [ RunTime:0.000764s ]
INFO: [ app_begin ] --START--
INFO: Run Behavior\ReadHtmlCacheBehavior [ RunTime:0.001019s ]
INFO: [ app_begin ] --END-- [ RunTime:0.001089s ]
SQL: SHOW COLUMNS FROM `cms_admin` [ RunTime:0.0310s ]
NOTIC: 建议使用E方法替代throw_exception

[ 2017-07-20T23:18:33+08:00 ] 127.0.0.1 /admin.php?a=resetAdminPwd&&c=login
INFO: [ app_init ] --START--
INFO: Run Behavior\BuildLiteBehavior [ RunTime:0.000022s ]
INFO: [ app_init ] --END-- [ RunTime:0.000836s ]
INFO: [ app_begin ] --START--
INFO: Run Behavior\ReadHtmlCacheBehavior [ RunTime:0.000801s ]
INFO: [ app_begin ] --END-- [ RunTime:0.000873s ]
SQL: SHOW COLUMNS FROM `cms_admin` [ RunTime:0.0323s ]

[ 2017-07-20T23:18:53+08:00 ] 127.0.0.1 /admin.php?a=resetAdminPwd&&c=login
INFO: [ app_init ] --START--
INFO: Run Behavior\BuildLiteBehavior [ RunTime:0.000027s ]
INFO: [ app_init ] --END-- [ RunTime:0.000969s ]
INFO: [ app_begin ] --START--
INFO: Run Behavior\ReadHtmlCacheBehavior [ RunTime:0.000877s ]
INFO: [ app_begin ] --END-- [ RunTime:0.000978s ]
SQL: SHOW COLUMNS FROM `cms_admin` [ RunTime:0.0319s ]

[ 2017-07-20T23:21:18+08:00 ] 127.0.0.1 /admin.php?a=resetAdminPwd&&c=login
INFO: [ app_init ] --START--
INFO: Run Behavior\BuildLiteBehavior [ RunTime:0.000023s ]
INFO: [ app_init ] --END-- [ RunTime:0.000714s ]
INFO: [ app_begin ] --START--
INFO: Run Behavior\ReadHtmlCacheBehavior [ RunTime:0.000818s ]
INFO: [ app_begin ] --END-- [ RunTime:0.000881s ]
SQL: SHOW COLUMNS FROM `cms_admin` [ RunTime:0.0059s ]
SQL: UPDATE `cms_admin` SET `password`='5be8844f38e1faed44ac6d175660b022' WHERE ( admin_id=1 ) [ RunTime:0.0012s ]
INFO: [ app_end ] --START--
INFO: Run Behavior\ShowPageTraceBehavior [ RunTime:0.000888s ]
INFO: [ app_end ] --END-- [ RunTime:0.000958s ]

[ 2017-07-20T23:21:36+08:00 ] 127.0.0.1 /admin.php?a=resetAdminPwd&&c=login
INFO: [ app_init ] --START--
INFO: Run Behavior\BuildLiteBehavior [ RunTime:0.000019s ]
INFO: [ app_init ] --END-- [ RunTime:0.000521s ]
INFO: [ app_begin ] --START--
INFO: Run Behavior\ReadHtmlCacheBehavior [ RunTime:0.000720s ]
INFO: [ app_begin ] --END-- [ RunTime:0.000792s ]
ERR: 非法操作:resetAdminPwd

[ 2017-07-20T23:21:40+08:00 ] 127.0.0.1 /admin.php
INFO: [ app_init ] --START--
INFO: Run Behavior\BuildLiteBehavior [ RunTime:0.000028s ]
INFO: [ app_init ] --END-- [ RunTime:0.000749s ]
INFO: [ app_begin ] --START--
INFO: Run Behavior\ReadHtmlCacheBehavior [ RunTime:0.000870s ]
INFO: [ app_begin ] --END-- [ RunTime:0.000954s ]
NOTIC: [8] Undefined variable: module D:\lzy\code\TP-CMS\ThinkPHP\Common\functions.php 第 990 行.
NOTIC: [8] Undefined variable: var D:\lzy\code\TP-CMS\ThinkPHP\Common\functions.php 第 990 行.
NOTIC: [2] array_reverse() expects parameter 1 to be array, null given D:\lzy\code\TP-CMS\ThinkPHP\Common\functions.php 第 990 行.
NOTIC: [2] http_build_query(): Parameter 1 expected to be Array or Object.  Incorrect value given D:\lzy\code\TP-CMS\ThinkPHP\Common\functions.php 第 990 行.

[ 2017-07-20T23:21:40+08:00 ] 127.0.0.1 /admin.php?m=&&c=login
INFO: [ app_init ] --START--
INFO: Run Behavior\BuildLiteBehavior [ RunTime:0.000016s ]
INFO: [ app_init ] --END-- [ RunTime:0.000402s ]
INFO: [ app_begin ] --START--
INFO: Run Behavior\ReadHtmlCacheBehavior [ RunTime:0.000655s ]
INFO: [ app_begin ] --END-- [ RunTime:0.000719s ]
INFO: [ view_parse ] --START--
INFO: [ template_filter ] --START--
INFO: Run Behavior\ContentReplaceBehavior [ RunTime:0.000034s ]
INFO: [ template_filter ] --END-- [ RunTime:0.000082s ]
INFO: Run Behavior\ParseTemplateBehavior [ RunTime:0.007132s ]
INFO: [ view_parse ] --END-- [ RunTime:0.007257s ]
INFO: [ view_filter ] --START--
INFO: Run Behavior\WriteHtmlCacheBehavior [ RunTime:0.000411s ]
INFO: [ view_filter ] --END-- [ RunTime:0.000443s ]
INFO: [ app_end ] --START--
INFO: Run Behavior\ShowPageTraceBehavior [ RunTime:0.000634s ]
INFO: [ app_end ] --END-- [ RunTime:0.000677s ]

[ 2017-07-20T23:21:47+08:00 ] 127.0.0.1 /index.php?m=admin&c=login&a=check
INFO: [ app_init ] --START--
INFO: Run Behavior\BuildLiteBehavior [ RunTime:0.000030s ]
INFO: [ app_init ] --END-- [ RunTime:0.000848s ]
INFO: [ app_begin ] --START--
INFO: Run Behavior\ReadHtmlCacheBehavior [ RunTime:0.000954s ]
INFO: [ app_begin ] --END-- [ RunTime:0.001036s ]
SQL: SHOW COLUMNS FROM `cms_admin` [ RunTime:0.0065s ]
SQL: SELECT * FROM `cms_admin` WHERE ( username='admin' ) LIMIT 1   [ RunTime:0.0003s ]
NOTIC: [8] Use of undefined constant ret - assumed 'ret' D:\lzy\code\TP-CMS\Application\Admin\Controller\LoginController.class.php 第 27 行.
NOTIC: [2] Missing argument 3 for jsonResult(), called in D:\lzy\code\TP-CMS\Application\Admin\Controller\LoginController.class.php on line 37 and defined D:\lzy\code\TP-CMS\Application\Common\Common\function.php 第 6 行.
NOTIC: [8] Undefined variable: data D:\lzy\code\TP-CMS\Application\Common\Common\function.php 第 11 行.

[ 2017-07-20T23:21:48+08:00 ] 127.0.0.1 /admin.php?c=index
INFO: [ app_init ] --START--
INFO: Run Behavior\BuildLiteBehavior [ RunTime:0.000017s ]
INFO: [ app_init ] --END-- [ RunTime:0.000503s ]
INFO: [ app_begin ] --START--
INFO: Run Behavior\ReadHtmlCacheBehavior [ RunTime:0.000733s ]
INFO: [ app_begin ] --END-- [ RunTime:0.000818s ]
INFO: [ view_parse ] --START--
INFO: [ template_filter ] --START--
INFO: Run Behavior\ContentReplaceBehavior [ RunTime:0.000050s ]
INFO: [ template_filter ] --END-- [ RunTime:0.000093s ]

