[ 2017-07-23T20:56:59+08:00 ] 127.0.0.1 /admin.php
INFO: [ app_init ] --START--
INFO: Run Behavior\BuildLiteBehavior [ RunTime:0.000018s ]
INFO: [ app_init ] --END-- [ RunTime:0.000521s ]
INFO: [ app_begin ] --START--
INFO: Run Behavior\ReadHtmlCacheBehavior [ RunTime:0.000770s ]
INFO: [ app_begin ] --END-- [ RunTime:0.000824s ]
NOTIC: [8] Undefined variable: module D:\lzy\code\TP-CMS\ThinkPHP\Common\functions.php 第 990 行.
NOTIC: [8] Undefined variable: var D:\lzy\code\TP-CMS\ThinkPHP\Common\functions.php 第 990 行.
NOTIC: [2] array_reverse() expects parameter 1 to be array, null given D:\lzy\code\TP-CMS\ThinkPHP\Common\functions.php 第 990 行.
NOTIC: [2] http_build_query(): Parameter 1 expected to be Array or Object.  Incorrect value given D:\lzy\code\TP-CMS\ThinkPHP\Common\functions.php 第 990 行.

[ 2017-07-23T20:56:59+08:00 ] 127.0.0.1 /admin.php?m=&&c=login
INFO: [ app_init ] --START--
INFO: Run Behavior\BuildLiteBehavior [ RunTime:0.000020s ]
INFO: [ app_init ] --END-- [ RunTime:0.000380s ]
INFO: [ app_begin ] --START--
INFO: Run Behavior\ReadHtmlCacheBehavior [ RunTime:0.000506s ]
INFO: [ app_begin ] --END-- [ RunTime:0.000548s ]
INFO: [ view_parse ] --START--
INFO: [ template_filter ] --START--
INFO: Run Behavior\ContentReplaceBehavior [ RunTime:0.000293s ]
INFO: [ template_filter ] --END-- [ RunTime:0.000372s ]
INFO: Run Behavior\ParseTemplateBehavior [ RunTime:0.007590s ]
INFO: [ view_parse ] --END-- [ RunTime:0.007643s ]
INFO: [ view_filter ] --START--
INFO: Run Behavior\WriteHtmlCacheBehavior [ RunTime:0.000400s ]
INFO: [ view_filter ] --END-- [ RunTime:0.000436s ]
INFO: [ app_end ] --START--
INFO: Run Behavior\ShowPageTraceBehavior [ RunTime:0.000636s ]
INFO: [ app_end ] --END-- [ RunTime:0.000671s ]

[ 2017-07-23T20:57:10+08:00 ] 127.0.0.1 /index.php?m=admin&c=login&a=check
INFO: [ app_init ] --START--
INFO: Run Behavior\BuildLiteBehavior [ RunTime:0.000021s ]
INFO: [ app_init ] --END-- [ RunTime:0.000842s ]
INFO: [ app_begin ] --START--
INFO: Run Behavior\ReadHtmlCacheBehavior [ RunTime:0.000780s ]
INFO: [ app_begin ] --END-- [ RunTime:0.000836s ]
SQL: SHOW COLUMNS FROM `cms_admin` [ RunTime:0.0178s ]
SQL: SELECT * FROM `cms_admin` WHERE ( username='admin' ) LIMIT 1   [ RunTime:0.0020s ]
NOTIC: [8] Use of undefined constant ret - assumed 'ret' D:\lzy\code\TP-CMS\Application\Admin\Controller\LoginController.class.php 第 27 行.
NOTIC: [2] Missing argument 3 for jsonResult(), called in D:\lzy\code\TP-CMS\Application\Admin\Controller\LoginController.class.php on line 37 and defined D:\lzy\code\TP-CMS\Application\Common\Common\function.php 第 6 行.
NOTIC: [8] Undefined variable: data D:\lzy\code\TP-CMS\Application\Common\Common\function.php 第 11 行.

[ 2017-07-23T20:57:11+08:00 ] 127.0.0.1 /admin.php?c=index
INFO: [ app_init ] --START--
INFO: Run Behavior\BuildLiteBehavior [ RunTime:0.000020s ]
INFO: [ app_init ] --END-- [ RunTime:0.000547s ]
INFO: [ app_begin ] --START--
INFO: Run Behavior\ReadHtmlCacheBehavior [ RunTime:0.000804s ]
INFO: [ app_begin ] --END-- [ RunTime:0.000883s ]
INFO: [ view_parse ] --START--
INFO: [ template_filter ] --START--
INFO: Run Behavior\ContentReplaceBehavior [ RunTime:0.000059s ]
INFO: [ template_filter ] --END-- [ RunTime:0.000111s ]
NOTIC: [2048] Declaration of Common\Model\MenuModel::find() should be compatible with Think\Model::find($options = Array) D:\lzy\code\TP-CMS\Application\Common\Model\MenuModel.class.php 第 5 行.
SQL: SHOW COLUMNS FROM `cms_menu` [ RunTime:0.0074s ]
SQL: SELECT * FROM `cms_menu` WHERE `status` <> -1 AND `type` = 1 ORDER BY listorder desc,menu_id desc  [ RunTime:0.0024s ]
NOTIC: [8] Undefined index: a D:\lzy\code\TP-CMS\Application\Common\Common\function.php 第 47 行.
NOTIC: [8] Undefined index: a D:\lzy\code\TP-CMS\Application\Common\Common\function.php 第 47 行.
NOTIC: [8] Undefined index: a D:\lzy\code\TP-CMS\Application\Common\Common\function.php 第 47 行.
NOTIC: [8] Undefined index: a D:\lzy\code\TP-CMS\Application\Common\Common\function.php 第 47 行.
NOTIC: [8] Undefined index: a D:\lzy\code\TP-CMS\Application\Common\Common\function.php 第 47 行.
NOTIC: [8] Undefined index: a D:\lzy\code\TP-CMS\Application\Common\Common\function.php 第 47 行.
NOTIC: [8] Undefined variable: admincount D:\lzy\code\TP-CMS\Application\Runtime\Cache\Admin\b595b808c2ebeeeb0478ffc30bb4e87a.php 第 112 行.
NOTIC: [8] Undefined variable: newscount D:\lzy\code\TP-CMS\Application\Runtime\Cache\Admin\b595b808c2ebeeeb0478ffc30bb4e87a.php 第 134 行.
NOTIC: [8] Undefined variable: news D:\lzy\code\TP-CMS\Application\Runtime\Cache\Admin\b595b808c2ebeeeb0478ffc30bb4e87a.php 第 156 行.
NOTIC: [8] Undefined variable: news D:\lzy\code\TP-CMS\Application\Runtime\Cache\Admin\b595b808c2ebeeeb0478ffc30bb4e87a.php 第 161 行.
NOTIC: [8] Undefined variable: news D:\lzy\code\TP-CMS\Application\Runtime\Cache\Admin\b595b808c2ebeeeb0478ffc30bb4e87a.php 第 165 行.
NOTIC: [8] Undefined variable: positioncount D:\lzy\code\TP-CMS\Application\Runtime\Cache\Admin\b595b808c2ebeeeb0478ffc30bb4e87a.php 第 178 行.
INFO: Run Behavior\ParseTemplateBehavior [ RunTime:0.037270s ]
INFO: [ view_parse ] --END-- [ RunTime:0.037327s ]
INFO: [ view_filter ] --START--
INFO: Run Behavior\WriteHtmlCacheBehavior [ RunTime:0.000689s ]
INFO: [ view_filter ] --END-- [ RunTime:0.000753s ]
INFO: [ app_end ] --START--
INFO: Run Behavior\ShowPageTraceBehavior [ RunTime:0.001076s ]
INFO: [ app_end ] --END-- [ RunTime:0.001195s ]

[ 2017-07-23T20:57:13+08:00 ] 127.0.0.1 /admin.php?c=menu
INFO: [ app_init ] --START--
INFO: Run Behavior\BuildLiteBehavior [ RunTime:0.000016s ]
INFO: [ app_init ] --END-- [ RunTime:0.000447s ]
INFO: [ app_begin ] --START--
INFO: Run Behavior\ReadHtmlCacheBehavior [ RunTime:0.000620s ]
INFO: [ app_begin ] --END-- [ RunTime:0.000682s ]
NOTIC: [2048] Declaration of Admin\Controller\MenuController::setStatus() should be compatible with Admin\Controller\CommonController::setStatus($data, $models) D:\lzy\code\TP-CMS\Application\Admin\Controller\MenuController.class.php 第 5 行.
NOTIC: [2048] Declaration of Admin\Controller\MenuController::listorder() should be compatible with Admin\Controller\CommonController::listorder($model = '') D:\lzy\code\TP-CMS\Application\Admin\Controller\MenuController.class.php 第 5 行.
NOTIC: [8] Undefined index: p D:\lzy\code\TP-CMS\Application\Admin\Controller\MenuController.class.php 第 15 行.
NOTIC: [8] Undefined index: pageSize D:\lzy\code\TP-CMS\Application\Admin\Controller\MenuController.class.php 第 16 行.
NOTIC: [2048] Declaration of Common\Model\MenuModel::find() should be compatible with Think\Model::find($options = Array) D:\lzy\code\TP-CMS\Application\Common\Model\MenuModel.class.php 第 5 行.
SQL: SHOW COLUMNS FROM `cms_menu` [ RunTime:0.0104s ]
SQL: SELECT * FROM `cms_menu` WHERE `status` <> -1 ORDER BY listorder desc,menu_id desc LIMIT 0,3   [ RunTime:0.0004s ]
SQL: SELECT COUNT(*) AS tp_count FROM `cms_menu` WHERE `status` <> -1 LIMIT 1   [ RunTime:0.0010s ]
INFO: [ view_parse ] --START--
INFO: [ template_filter ] --START--
INFO: Run Behavior\ContentReplaceBehavior [ RunTime:0.000061s ]
INFO: [ template_filter ] --END-- [ RunTime:0.000110s ]
SQL: SELECT * FROM `cms_menu` WHERE `status` <> -1 AND `type` = 1 ORDER BY listorder desc,menu_id desc  [ RunTime:0.0003s ]
NOTIC: [8] Undefined index: a D:\lzy\code\TP-CMS\Application\Common\Common\function.php 第 47 行.
NOTIC: [8] Undefined index: a D:\lzy\code\TP-CMS\Application\Common\Common\function.php 第 47 行.
NOTIC: [8] Undefined index: a D:\lzy\code\TP-CMS\Application\Common\Common\function.php 第 47 行.
NOTIC: [8] Undefined index: a D:\lzy\code\TP-CMS\Application\Common\Common\function.php 第 47 行.
NOTIC: [8] Undefined index: a D:\lzy\code\TP-CMS\Application\Common\Common\function.php 第 47 行.
NOTIC: [8] Undefined index: a D:\lzy\code\TP-CMS\Application\Common\Common\function.php 第 47 行.
NOTIC: [8] Undefined variable: nav D:\lzy\code\TP-CMS\Application\Runtime\Cache\Admin\b956215329b6f9aca22277599a4efdfc.php 第 96 行.
INFO: Run Behavior\ParseTemplateBehavior [ RunTime:0.012058s ]
INFO: [ view_parse ] --END-- [ RunTime:0.012114s ]
INFO: [ view_filter ] --START--
INFO: Run Behavior\WriteHtmlCacheBehavior [ RunTime:0.000324s ]
INFO: [ view_filter ] --END-- [ RunTime:0.000362s ]
INFO: [ app_end ] --START--
INFO: Run Behavior\ShowPageTraceBehavior [ RunTime:0.000994s ]
INFO: [ app_end ] --END-- [ RunTime:0.001085s ]

[ 2017-07-23T20:57:15+08:00 ] 127.0.0.1 /admin.php?c=content
INFO: [ app_init ] --START--
INFO: Run Behavior\BuildLiteBehavior [ RunTime:0.000015s ]
INFO: [ app_init ] --END-- [ RunTime:0.000404s ]
INFO: [ app_begin ] --START--
INFO: Run Behavior\ReadHtmlCacheBehavior [ RunTime:0.000598s ]
INFO: [ app_begin ] --END-- [ RunTime:0.000651s ]
ERR: 无法加载控制器:Content

